# JRE version: Java(TM) SE Runtime Environment (8.0_171-b11) (build 1.8.0_171-b11)
# Java VM: Java HotSpot(TM) 64-Bit Server VM (25.171-b11 mixed mode windows-amd64 compressed oops)
Heap:
 PSYoungGen      total 222208K, used 208896K [0x00000000d5e00000, 0x00000000e5980000, 0x0000000100000000)
  eden space 208896K, 100% used [0x00000000d5e00000,0x00000000e2a00000,0x00000000e2a00000)
  from space 13312K, 0% used [0x00000000e3780000,0x00000000e3780000,0x00000000e4480000)
  to   space 13824K, 76% used [0x00000000e2a00000,0x00000000e345c230,0x00000000e3780000)
 ParOldGen       total 74752K, used 18857K [0x0000000081a00000, 0x0000000086300000, 0x00000000d5e00000)
  object space 74752K, 25% used [0x0000000081a00000,0x0000000082c6a660,0x0000000086300000)
 Metaspace       used 46513K, capacity 47678K, committed 48000K, reserved 1091584K
  class space    used 6368K, capacity 6699K, committed 6784K, reserved 1048576K
GC Heap History (10 events):
Event: 1.786 GC heap after
Heap after GC invocations=6 (full 1):
 PSYoungGen      total 71680K, used 0K [0x00000000d5e00000, 0x00000000df500000, 0x0000000100000000)
  eden space 66560K, 0% used [0x00000000d5e00000,0x00000000d5e00000,0x00000000d9f00000)
  from space 5120K, 0% used [0x00000000d9f00000,0x00000000d9f00000,0x00000000da400000)
  to   space 10752K, 0% used [0x00000000dea80000,0x00000000dea80000,0x00000000df500000)
 ParOldGen       total 52736K, used 7840K [0x0000000081a00000, 0x0000000084d80000, 0x00000000d5e00000)
  object space 52736K, 14% used [0x0000000081a00000,0x00000000821a8070,0x0000000084d80000)
 Metaspace       used 20949K, capacity 21160K, committed 21296K, reserved 1067008K
  class space    used 2868K, capacity 2931K, committed 2944K, reserved 1048576K
}
Event: 2.409 GC heap before
{Heap before GC invocations=7 (full 1):
 PSYoungGen      total 71680K, used 66560K [0x00000000d5e00000, 0x00000000df500000, 0x0000000100000000)
  eden space 66560K, 100% used [0x00000000d5e00000,0x00000000d9f00000,0x00000000d9f00000)
  from space 5120K, 0% used [0x00000000d9f00000,0x00000000d9f00000,0x00000000da400000)
  to   space 10752K, 0% used [0x00000000dea80000,0x00000000dea80000,0x00000000df500000)
 ParOldGen       total 52736K, used 7840K [0x0000000081a00000, 0x0000000084d80000, 0x00000000d5e00000)
  object space 52736K, 14% used [0x0000000081a00000,0x00000000821a8070,0x0000000084d80000)
 Metaspace       used 26699K, capacity 27092K, committed 27520K, reserved 1073152K
  class space    used 3728K, capacity 3889K, committed 3968K, reserved 1048576K
Event: 2.415 GC heap after
Heap after GC invocations=7 (full 1):
 PSYoungGen      total 125952K, used 6569K [0x00000000d5e00000, 0x00000000df100000, 0x0000000100000000)
  eden space 119296K, 0% used [0x00000000d5e00000,0x00000000d5e00000,0x00000000dd280000)
  from space 6656K, 98% used [0x00000000dea80000,0x00000000df0ea410,0x00000000df100000)
  to   space 10240K, 0% used [0x00000000ddd00000,0x00000000ddd00000,0x00000000de700000)
 ParOldGen       total 52736K, used 7840K [0x0000000081a00000, 0x0000000084d80000, 0x00000000d5e00000)
  object space 52736K, 14% used [0x0000000081a00000,0x00000000821a8070,0x0000000084d80000)
 Metaspace       used 26699K, capacity 27092K, committed 27520K, reserved 1073152K
  class space    used 3728K, capacity 3889K, committed 3968K, reserved 1048576K
}
Event: 3.530 GC heap before
{Heap before GC invocations=8 (full 1):
 PSYoungGen      total 125952K, used 125865K [0x00000000d5e00000, 0x00000000df100000, 0x0000000100000000)
  eden space 119296K, 100% used [0x00000000d5e00000,0x00000000dd280000,0x00000000dd280000)
  from space 6656K, 98% used [0x00000000dea80000,0x00000000df0ea410,0x00000000df100000)
  to   space 10240K, 0% used [0x00000000ddd00000,0x00000000ddd00000,0x00000000de700000)
 ParOldGen       total 52736K, used 7840K [0x0000000081a00000, 0x0000000084d80000, 0x00000000d5e00000)
  object space 52736K, 14% used [0x0000000081a00000,0x00000000821a8070,0x0000000084d80000)
 Metaspace       used 34110K, capacity 34634K, committed 35072K, reserved 1079296K
  class space    used 4649K, capacity 4776K, committed 4864K, reserved 1048576K
Event: 3.545 GC heap after
Heap after GC invocations=8 (full 1):
 PSYoungGen      total 140288K, used 10226K [0x00000000d5e00000, 0x00000000e4480000, 0x0000000100000000)
  eden space 130048K, 0% used [0x00000000d5e00000,0x00000000d5e00000,0x00000000ddd00000)
  from space 10240K, 99% used [0x00000000ddd00000,0x00000000de6fca70,0x00000000de700000)
  to   space 13312K, 0% used [0x00000000e3780000,0x00000000e3780000,0x00000000e4480000)
 ParOldGen       total 52736K, used 11058K [0x0000000081a00000, 0x0000000084d80000, 0x00000000d5e00000)
  object space 52736K, 20% used [0x0000000081a00000,0x00000000824ccb80,0x0000000084d80000)
 Metaspace       used 34110K, capacity 34634K, committed 35072K, reserved 1079296K
  class space    used 4649K, capacity 4776K, committed 4864K, reserved 1048576K
}
Event: 3.678 GC heap before
{Heap before GC invocations=9 (full 1):
 PSYoungGen      total 140288K, used 31216K [0x00000000d5e00000, 0x00000000e4480000, 0x0000000100000000)
  eden space 130048K, 16% used [0x00000000d5e00000,0x00000000d727f780,0x00000000ddd00000)
  from space 10240K, 99% used [0x00000000ddd00000,0x00000000de6fca70,0x00000000de700000)
  to   space 13312K, 0% used [0x00000000e3780000,0x00000000e3780000,0x00000000e4480000)
 ParOldGen       total 52736K, used 11058K [0x0000000081a00000, 0x0000000084d80000, 0x00000000d5e00000)
  object space 52736K, 20% used [0x0000000081a00000,0x00000000824ccb80,0x0000000084d80000)
 Metaspace       used 34565K, capacity 35130K, committed 35456K, reserved 1079296K
  class space    used 4724K, capacity 4899K, committed 4992K, reserved 1048576K
Event: 3.688 GC heap after
Heap after GC invocations=9 (full 1):
 PSYoungGen      total 222208K, used 11120K [0x00000000d5e00000, 0x00000000e5980000, 0x0000000100000000)
  eden space 208896K, 0% used [0x00000000d5e00000,0x00000000d5e00000,0x00000000e2a00000)
  from space 13312K, 83% used [0x00000000e3780000,0x00000000e425c010,0x00000000e4480000)
  to   space 13824K, 0% used [0x00000000e2a00000,0x00000000e2a00000,0x00000000e3780000)
 ParOldGen       total 52736K, used 11066K [0x0000000081a00000, 0x0000000084d80000, 0x00000000d5e00000)
  object space 52736K, 20% used [0x0000000081a00000,0x00000000824ceb80,0x0000000084d80000)
 Metaspace       used 34565K, capacity 35130K, committed 35456K, reserved 1079296K
  class space    used 4724K, capacity 4899K, committed 4992K, reserved 1048576K
}
Event: 3.688 GC heap before
{Heap before GC invocations=10 (full 2):
 PSYoungGen      total 222208K, used 11120K [0x00000000d5e00000, 0x00000000e5980000, 0x0000000100000000)
  eden space 208896K, 0% used [0x00000000d5e00000,0x00000000d5e00000,0x00000000e2a00000)
  from space 13312K, 83% used [0x00000000e3780000,0x00000000e425c010,0x00000000e4480000)
  to   space 13824K, 0% used [0x00000000e2a00000,0x00000000e2a00000,0x00000000e3780000)
 ParOldGen       total 52736K, used 11066K [0x0000000081a00000, 0x0000000084d80000, 0x00000000d5e00000)
  object space 52736K, 20% used [0x0000000081a00000,0x00000000824ceb80,0x0000000084d80000)
 Metaspace       used 34565K, capacity 35130K, committed 35456K, reserved 1079296K
  class space    used 4724K, capacity 4899K, committed 4992K, reserved 1048576K
Event: 3.736 GC heap after
Heap after GC invocations=10 (full 2):
 PSYoungGen      total 222208K, used 0K [0x00000000d5e00000, 0x00000000e5980000, 0x0000000100000000)
  eden space 208896K, 0% used [0x00000000d5e00000,0x00000000d5e00000,0x00000000e2a00000)
  from space 13312K, 0% used [0x00000000e3780000,0x00000000e3780000,0x00000000e4480000)
  to   space 13824K, 0% used [0x00000000e2a00000,0x00000000e2a00000,0x00000000e3780000)
 ParOldGen       total 74752K, used 18849K [0x0000000081a00000, 0x0000000086300000, 0x00000000d5e00000)
  object space 74752K, 25% used [0x0000000081a00000,0x0000000082c68660,0x0000000086300000)
 Metaspace       used 34565K, capacity 35130K, committed 35456K, reserved 1079296K
  class space    used 4724K, capacity 4899K, committed 4992K, reserved 1048576K
}
Event: 5.684 GC heap before
{Heap before GC invocations=11 (full 2):
 PSYoungGen      total 222208K, used 208896K [0x00000000d5e00000, 0x00000000e5980000, 0x0000000100000000)
  eden space 208896K, 100% used [0x00000000d5e00000,0x00000000e2a00000,0x00000000e2a00000)
  from space 13312K, 0% used [0x00000000e3780000,0x00000000e3780000,0x00000000e4480000)
  to   space 13824K, 0% used [0x00000000e2a00000,0x00000000e2a00000,0x00000000e3780000)
 ParOldGen       total 74752K, used 18849K [0x0000000081a00000, 0x0000000086300000, 0x00000000d5e00000)
  object space 74752K, 25% used [0x0000000081a00000,0x0000000082c68660,0x0000000086300000)
 Metaspace       used 46513K, capacity 47678K, committed 48000K, reserved 1091584K
  class space    used 6368K, capacity 6699K, committed 6784K, reserved 1048576K

