# JRE version: Java(TM) SE Runtime Environment (8.0_171-b11) (build 1.8.0_171-b11)
# Java VM: Java HotSpot(TM) 64-Bit Server VM (25.171-b11 mixed mode windows-amd64 compressed oops)
Heap:
 PSYoungGen      total 119808K, used 11229K [0x00000000d5e00000, 0x00000000e1100000, 0x0000000100000000)
  eden space 108544K, 0% used [0x00000000d5e00000,0x00000000d5e00000,0x00000000dc800000)
  from space 11264K, 99% used [0x00000000dc800000,0x00000000dd2f76e0,0x00000000dd300000)
  to   space 12800K, 0% used [0x00000000e0480000,0x00000000e0480000,0x00000000e1100000)
 ParOldGen       total 51712K, used 9003K [0x0000000081a00000, 0x0000000084c80000, 0x00000000d5e00000)
  object space 51712K, 17% used [0x0000000081a00000,0x00000000822cac90,0x0000000084c80000)
 Metaspace       used 34607K, capacity 35128K, committed 35456K, reserved 1079296K
  class space    used 4722K, capacity 4897K, committed 4992K, reserved 1048576K
GC Heap History (10 events):
Event: 2.530 GC heap after
Heap after GC invocations=6 (full 1):
 PSYoungGen      total 38400K, used 0K [0x00000000d5e00000, 0x00000000db400000, 0x0000000100000000)
  eden space 33280K, 0% used [0x00000000d5e00000,0x00000000d5e00000,0x00000000d7e80000)
  from space 5120K, 0% used [0x00000000d7e80000,0x00000000d7e80000,0x00000000d8380000)
  to   space 10752K, 0% used [0x00000000da980000,0x00000000da980000,0x00000000db400000)
 ParOldGen       total 51712K, used 7762K [0x0000000081a00000, 0x0000000084c80000, 0x00000000d5e00000)
  object space 51712K, 15% used [0x0000000081a00000,0x0000000082194860,0x0000000084c80000)
 Metaspace       used 20947K, capacity 21160K, committed 21296K, reserved 1067008K
  class space    used 2868K, capacity 2931K, committed 2944K, reserved 1048576K
}
Event: 2.859 GC heap before
{Heap before GC invocations=7 (full 1):
 PSYoungGen      total 38400K, used 33280K [0x00000000d5e00000, 0x00000000db400000, 0x0000000100000000)
  eden space 33280K, 100% used [0x00000000d5e00000,0x00000000d7e80000,0x00000000d7e80000)
  from space 5120K, 0% used [0x00000000d7e80000,0x00000000d7e80000,0x00000000d8380000)
  to   space 10752K, 0% used [0x00000000da980000,0x00000000da980000,0x00000000db400000)
 ParOldGen       total 51712K, used 7762K [0x0000000081a00000, 0x0000000084c80000, 0x00000000d5e00000)
  object space 51712K, 15% used [0x0000000081a00000,0x0000000082194860,0x0000000084c80000)
 Metaspace       used 23529K, capacity 23820K, committed 24192K, reserved 1071104K
  class space    used 3295K, capacity 3389K, committed 3456K, reserved 1048576K
Event: 2.864 GC heap after
Heap after GC invocations=7 (full 1):
 PSYoungGen      total 68096K, used 3563K [0x00000000d5e00000, 0x00000000db000000, 0x0000000100000000)
  eden space 61440K, 0% used [0x00000000d5e00000,0x00000000d5e00000,0x00000000d9a00000)
  from space 6656K, 53% used [0x00000000da980000,0x00000000dacfaed8,0x00000000db000000)
  to   space 11264K, 0% used [0x00000000d9a00000,0x00000000d9a00000,0x00000000da500000)
 ParOldGen       total 51712K, used 7770K [0x0000000081a00000, 0x0000000084c80000, 0x00000000d5e00000)
  object space 51712K, 15% used [0x0000000081a00000,0x0000000082196860,0x0000000084c80000)
 Metaspace       used 23529K, capacity 23820K, committed 24192K, reserved 1071104K
  class space    used 3295K, capacity 3389K, committed 3456K, reserved 1048576K
}
Event: 4.037 GC heap before
{Heap before GC invocations=8 (full 1):
 PSYoungGen      total 68096K, used 65003K [0x00000000d5e00000, 0x00000000db000000, 0x0000000100000000)
  eden space 61440K, 100% used [0x00000000d5e00000,0x00000000d9a00000,0x00000000d9a00000)
  from space 6656K, 53% used [0x00000000da980000,0x00000000dacfaed8,0x00000000db000000)
  to   space 11264K, 0% used [0x00000000d9a00000,0x00000000d9a00000,0x00000000da500000)
 ParOldGen       total 51712K, used 7770K [0x0000000081a00000, 0x0000000084c80000, 0x00000000d5e00000)
  object space 51712K, 15% used [0x0000000081a00000,0x0000000082196860,0x0000000084c80000)
 Metaspace       used 27329K, capacity 27780K, committed 28032K, reserved 1073152K
  class space    used 3781K, capacity 3965K, committed 3968K, reserved 1048576K
Event: 4.043 GC heap after
Heap after GC invocations=8 (full 1):
 PSYoungGen      total 72704K, used 6017K [0x00000000d5e00000, 0x00000000ddf00000, 0x0000000100000000)
  eden space 61440K, 0% used [0x00000000d5e00000,0x00000000d5e00000,0x00000000d9a00000)
  from space 11264K, 53% used [0x00000000d9a00000,0x00000000d9fe0548,0x00000000da500000)
  to   space 10752K, 0% used [0x00000000dd480000,0x00000000dd480000,0x00000000ddf00000)
 ParOldGen       total 51712K, used 7842K [0x0000000081a00000, 0x0000000084c80000, 0x00000000d5e00000)
  object space 51712K, 15% used [0x0000000081a00000,0x00000000821a8870,0x0000000084c80000)
 Metaspace       used 27329K, capacity 27780K, committed 28032K, reserved 1073152K
  class space    used 3781K, capacity 3965K, committed 3968K, reserved 1048576K
}
Event: 4.749 GC heap before
{Heap before GC invocations=9 (full 1):
 PSYoungGen      total 72704K, used 67457K [0x00000000d5e00000, 0x00000000ddf00000, 0x0000000100000000)
  eden space 61440K, 100% used [0x00000000d5e00000,0x00000000d9a00000,0x00000000d9a00000)
  from space 11264K, 53% used [0x00000000d9a00000,0x00000000d9fe0548,0x00000000da500000)
  to   space 10752K, 0% used [0x00000000dd480000,0x00000000dd480000,0x00000000ddf00000)
 ParOldGen       total 51712K, used 7842K [0x0000000081a00000, 0x0000000084c80000, 0x00000000d5e00000)
  object space 51712K, 15% used [0x0000000081a00000,0x00000000821a8870,0x0000000084c80000)
 Metaspace       used 31537K, capacity 32038K, committed 32512K, reserved 1077248K
  class space    used 4320K, capacity 4514K, committed 4608K, reserved 1048576K
Event: 4.760 GC heap after
Heap after GC invocations=9 (full 1):
 PSYoungGen      total 118272K, used 8958K [0x00000000d5e00000, 0x00000000dde00000, 0x0000000100000000)
  eden space 108544K, 0% used [0x00000000d5e00000,0x00000000d5e00000,0x00000000dc800000)
  from space 9728K, 92% used [0x00000000dd480000,0x00000000ddd3f8e8,0x00000000dde00000)
  to   space 11264K, 0% used [0x00000000dc800000,0x00000000dc800000,0x00000000dd300000)
 ParOldGen       total 51712K, used 7842K [0x0000000081a00000, 0x0000000084c80000, 0x00000000d5e00000)
  object space 51712K, 15% used [0x0000000081a00000,0x00000000821a8870,0x0000000084c80000)
 Metaspace       used 31537K, capacity 32038K, committed 32512K, reserved 1077248K
  class space    used 4320K, capacity 4514K, committed 4608K, reserved 1048576K
}
Event: 5.243 GC heap before
{Heap before GC invocations=10 (full 1):
 PSYoungGen      total 118272K, used 55455K [0x00000000d5e00000, 0x00000000dde00000, 0x0000000100000000)
  eden space 108544K, 42% used [0x00000000d5e00000,0x00000000d8b68670,0x00000000dc800000)
  from space 9728K, 92% used [0x00000000dd480000,0x00000000ddd3f8e8,0x00000000dde00000)
  to   space 11264K, 0% used [0x00000000dc800000,0x00000000dc800000,0x00000000dd300000)
 ParOldGen       total 51712K, used 7842K [0x0000000081a00000, 0x0000000084c80000, 0x00000000d5e00000)
  object space 51712K, 15% used [0x0000000081a00000,0x00000000821a8870,0x0000000084c80000)
 Metaspace       used 34607K, capacity 35128K, committed 35456K, reserved 1079296K
  class space    used 4722K, capacity 4897K, committed 4992K, reserved 1048576K
Event: 5.254 GC heap after
Heap after GC invocations=10 (full 1):
 PSYoungGen      total 119808K, used 11229K [0x00000000d5e00000, 0x00000000e1100000, 0x0000000100000000)
  eden space 108544K, 0% used [0x00000000d5e00000,0x00000000d5e00000,0x00000000dc800000)
  from space 11264K, 99% used [0x00000000dc800000,0x00000000dd2f76e0,0x00000000dd300000)
  to   space 12800K, 0% used [0x00000000e0480000,0x00000000e0480000,0x00000000e1100000)
 ParOldGen       total 51712K, used 9003K [0x0000000081a00000, 0x0000000084c80000, 0x00000000d5e00000)
  object space 51712K, 17% used [0x0000000081a00000,0x00000000822cac90,0x0000000084c80000)
 Metaspace       used 34607K, capacity 35128K, committed 35456K, reserved 1079296K
  class space    used 4722K, capacity 4897K, committed 4992K, reserved 1048576K
}
Event: 5.255 GC heap before
{Heap before GC invocations=11 (full 2):
 PSYoungGen      total 119808K, used 11229K [0x00000000d5e00000, 0x00000000e1100000, 0x0000000100000000)
  eden space 108544K, 0% used [0x00000000d5e00000,0x00000000d5e00000,0x00000000dc800000)
  from space 11264K, 99% used [0x00000000dc800000,0x00000000dd2f76e0,0x00000000dd300000)
  to   space 12800K, 0% used [0x00000000e0480000,0x00000000e0480000,0x00000000e1100000)
 ParOldGen       total 51712K, used 9003K [0x0000000081a00000, 0x0000000084c80000, 0x00000000d5e00000)
  object space 51712K, 17% used [0x0000000081a00000,0x00000000822cac90,0x0000000084c80000)
 Metaspace       used 34607K, capacity 35128K, committed 35456K, reserved 1079296K
  class space    used 4722K, capacity 4897K, committed 4992K, reserved 1048576K

