# JRE version: Java(TM) SE Runtime Environment (8.0_171-b11) (build 1.8.0_171-b11)
# Java VM: Java HotSpot(TM) 64-Bit Server VM (25.171-b11 mixed mode windows-amd64 compressed oops)
Heap:
 PSYoungGen      total 140288K, used 25881K [0x00000000d5e00000, 0x00000000e3700000, 0x0000000100000000)
  eden space 130048K, 12% used [0x00000000d5e00000,0x00000000d6d47768,0x00000000ddd00000)
  from space 10240K, 99% used [0x00000000ddd00000,0x00000000de6feeb8,0x00000000de700000)
  to   space 12800K, 0% used [0x00000000e2a80000,0x00000000e2a80000,0x00000000e3700000)
 ParOldGen       total 54784K, used 10235K [0x0000000081a00000, 0x0000000084f80000, 0x00000000d5e00000)
  object space 54784K, 18% used [0x0000000081a00000,0x00000000823fedf8,0x0000000084f80000)
 Metaspace       used 34473K, capacity 35014K, committed 35328K, reserved 1079296K
  class space    used 4705K, capacity 4859K, committed 4864K, reserved 1048576K
GC Heap History (10 events):
Event: 1.704 GC heap before
{Heap before GC invocations=4 (full 0):
 PSYoungGen      total 38400K, used 38368K [0x00000000d5e00000, 0x00000000da900000, 0x0000000100000000)
  eden space 33280K, 100% used [0x00000000d5e00000,0x00000000d7e80000,0x00000000d7e80000)
  from space 5120K, 99% used [0x00000000d7e80000,0x00000000d8378040,0x00000000d8380000)
  to   space 5120K, 0% used [0x00000000da400000,0x00000000da400000,0x00000000da900000)
 ParOldGen       total 87552K, used 4566K [0x0000000081a00000, 0x0000000086f80000, 0x00000000d5e00000)
  object space 87552K, 5% used [0x0000000081a00000,0x0000000081e75840,0x0000000086f80000)
 Metaspace       used 20721K, capacity 20962K, committed 21120K, reserved 1067008K
  class space    used 2842K, capacity 2930K, committed 2944K, reserved 1048576K
Event: 1.714 GC heap after
Heap after GC invocations=4 (full 0):
 PSYoungGen      total 71680K, used 5104K [0x00000000d5e00000, 0x00000000da900000, 0x0000000100000000)
  eden space 66560K, 0% used [0x00000000d5e00000,0x00000000d5e00000,0x00000000d9f00000)
  from space 5120K, 99% used [0x00000000da400000,0x00000000da8fc040,0x00000000da900000)
  to   space 5120K, 0% used [0x00000000d9f00000,0x00000000d9f00000,0x00000000da400000)
 ParOldGen       total 87552K, used 8572K [0x0000000081a00000, 0x0000000086f80000, 0x00000000d5e00000)
  object space 87552K, 9% used [0x0000000081a00000,0x000000008225f2c8,0x0000000086f80000)
 Metaspace       used 20721K, capacity 20962K, committed 21120K, reserved 1067008K
  class space    used 2842K, capacity 2930K, committed 2944K, reserved 1048576K
}
Event: 1.732 GC heap before
{Heap before GC invocations=5 (full 0):
 PSYoungGen      total 71680K, used 7087K [0x00000000d5e00000, 0x00000000da900000, 0x0000000100000000)
  eden space 66560K, 2% used [0x00000000d5e00000,0x00000000d5fefbf0,0x00000000d9f00000)
  from space 5120K, 99% used [0x00000000da400000,0x00000000da8fc040,0x00000000da900000)
  to   space 5120K, 0% used [0x00000000d9f00000,0x00000000d9f00000,0x00000000da400000)
 ParOldGen       total 87552K, used 8572K [0x0000000081a00000, 0x0000000086f80000, 0x00000000d5e00000)
  object space 87552K, 9% used [0x0000000081a00000,0x000000008225f2c8,0x0000000086f80000)
 Metaspace       used 20947K, capacity 21154K, committed 21296K, reserved 1067008K
  class space    used 2868K, capacity 2930K, committed 2944K, reserved 1048576K
Event: 1.736 GC heap after
Heap after GC invocations=5 (full 0):
 PSYoungGen      total 71680K, used 5104K [0x00000000d5e00000, 0x00000000df500000, 0x0000000100000000)
  eden space 66560K, 0% used [0x00000000d5e00000,0x00000000d5e00000,0x00000000d9f00000)
  from space 5120K, 99% used [0x00000000d9f00000,0x00000000da3fc040,0x00000000da400000)
  to   space 10752K, 0% used [0x00000000dea80000,0x00000000dea80000,0x00000000df500000)
 ParOldGen       total 87552K, used 8802K [0x0000000081a00000, 0x0000000086f80000, 0x00000000d5e00000)
  object space 87552K, 10% used [0x0000000081a00000,0x00000000822988c0,0x0000000086f80000)
 Metaspace       used 20947K, capacity 21154K, committed 21296K, reserved 1067008K
  class space    used 2868K, capacity 2930K, committed 2944K, reserved 1048576K
}
Event: 1.736 GC heap before
{Heap before GC invocations=6 (full 1):
 PSYoungGen      total 71680K, used 5104K [0x00000000d5e00000, 0x00000000df500000, 0x0000000100000000)
  eden space 66560K, 0% used [0x00000000d5e00000,0x00000000d5e00000,0x00000000d9f00000)
  from space 5120K, 99% used [0x00000000d9f00000,0x00000000da3fc040,0x00000000da400000)
  to   space 10752K, 0% used [0x00000000dea80000,0x00000000dea80000,0x00000000df500000)
 ParOldGen       total 87552K, used 8802K [0x0000000081a00000, 0x0000000086f80000, 0x00000000d5e00000)
  object space 87552K, 10% used [0x0000000081a00000,0x00000000822988c0,0x0000000086f80000)
 Metaspace       used 20947K, capacity 21154K, committed 21296K, reserved 1067008K
  class space    used 2868K, capacity 2930K, committed 2944K, reserved 1048576K
Event: 1.764 GC heap after
Heap after GC invocations=6 (full 1):
 PSYoungGen      total 71680K, used 0K [0x00000000d5e00000, 0x00000000df500000, 0x0000000100000000)
  eden space 66560K, 0% used [0x00000000d5e00000,0x00000000d5e00000,0x00000000d9f00000)
  from space 5120K, 0% used [0x00000000d9f00000,0x00000000d9f00000,0x00000000da400000)
  to   space 10752K, 0% used [0x00000000dea80000,0x00000000dea80000,0x00000000df500000)
 ParOldGen       total 54784K, used 7883K [0x0000000081a00000, 0x0000000084f80000, 0x00000000d5e00000)
  object space 54784K, 14% used [0x0000000081a00000,0x00000000821b2f58,0x0000000084f80000)
 Metaspace       used 20947K, capacity 21154K, committed 21296K, reserved 1067008K
  class space    used 2868K, capacity 2930K, committed 2944K, reserved 1048576K
}
Event: 2.371 GC heap before
{Heap before GC invocations=7 (full 1):
 PSYoungGen      total 71680K, used 66560K [0x00000000d5e00000, 0x00000000df500000, 0x0000000100000000)
  eden space 66560K, 100% used [0x00000000d5e00000,0x00000000d9f00000,0x00000000d9f00000)
  from space 5120K, 0% used [0x00000000d9f00000,0x00000000d9f00000,0x00000000da400000)
  to   space 10752K, 0% used [0x00000000dea80000,0x00000000dea80000,0x00000000df500000)
 ParOldGen       total 54784K, used 7883K [0x0000000081a00000, 0x0000000084f80000, 0x00000000d5e00000)
  object space 54784K, 14% used [0x0000000081a00000,0x00000000821b2f58,0x0000000084f80000)
 Metaspace       used 26687K, capacity 27092K, committed 27520K, reserved 1073152K
  class space    used 3728K, capacity 3889K, committed 3968K, reserved 1048576K
Event: 2.377 GC heap after
Heap after GC invocations=7 (full 1):
 PSYoungGen      total 122368K, used 6426K [0x00000000d5e00000, 0x00000000df100000, 0x0000000100000000)
  eden space 115712K, 0% used [0x00000000d5e00000,0x00000000d5e00000,0x00000000dcf00000)
  from space 6656K, 96% used [0x00000000dea80000,0x00000000df0c6a90,0x00000000df100000)
  to   space 10240K, 0% used [0x00000000ddd00000,0x00000000ddd00000,0x00000000de700000)
 ParOldGen       total 54784K, used 7955K [0x0000000081a00000, 0x0000000084f80000, 0x00000000d5e00000)
  object space 54784K, 14% used [0x0000000081a00000,0x00000000821c4f68,0x0000000084f80000)
 Metaspace       used 26687K, capacity 27092K, committed 27520K, reserved 1073152K
  class space    used 3728K, capacity 3889K, committed 3968K, reserved 1048576K
}
Event: 3.493 GC heap before
{Heap before GC invocations=8 (full 1):
 PSYoungGen      total 122368K, used 122138K [0x00000000d5e00000, 0x00000000df100000, 0x0000000100000000)
  eden space 115712K, 100% used [0x00000000d5e00000,0x00000000dcf00000,0x00000000dcf00000)
  from space 6656K, 96% used [0x00000000dea80000,0x00000000df0c6a90,0x00000000df100000)
  to   space 10240K, 0% used [0x00000000ddd00000,0x00000000ddd00000,0x00000000de700000)
 ParOldGen       total 54784K, used 7955K [0x0000000081a00000, 0x0000000084f80000, 0x00000000d5e00000)
  object space 54784K, 14% used [0x0000000081a00000,0x00000000821c4f68,0x0000000084f80000)
 Metaspace       used 34102K, capacity 34634K, committed 35072K, reserved 1079296K
  class space    used 4652K, capacity 4776K, committed 4864K, reserved 1048576K
Event: 3.509 GC heap after
Heap after GC invocations=8 (full 1):
 PSYoungGen      total 140288K, used 10235K [0x00000000d5e00000, 0x00000000e3700000, 0x0000000100000000)
  eden space 130048K, 0% used [0x00000000d5e00000,0x00000000d5e00000,0x00000000ddd00000)
  from space 10240K, 99% used [0x00000000ddd00000,0x00000000de6feeb8,0x00000000de700000)
  to   space 12800K, 0% used [0x00000000e2a80000,0x00000000e2a80000,0x00000000e3700000)
 ParOldGen       total 54784K, used 10235K [0x0000000081a00000, 0x0000000084f80000, 0x00000000d5e00000)
  object space 54784K, 18% used [0x0000000081a00000,0x00000000823fedf8,0x0000000084f80000)
 Metaspace       used 34102K, capacity 34634K, committed 35072K, reserved 1079296K
  class space    used 4652K, capacity 4776K, committed 4864K, reserved 1048576K
}

