# JRE version: Java(TM) SE Runtime Environment (8.0_171-b11) (build 1.8.0_171-b11)
# Java VM: Java HotSpot(TM) 64-Bit Server VM (25.171-b11 mixed mode windows-amd64 compressed oops)
Heap:
 PSYoungGen      total 293376K, used 51680K [0x00000000d5e00000, 0x00000000e9580000, 0x0000000100000000)
  eden space 276992K, 12% used [0x00000000d5e00000,0x00000000d8080010,0x00000000e6c80000)
  from space 16384K, 99% used [0x00000000e8280000,0x00000000e9278210,0x00000000e9280000)
  to   space 20992K, 0% used [0x00000000e6c80000,0x00000000e6c80000,0x00000000e8100000)
 ParOldGen       total 76288K, used 27248K [0x0000000081a00000, 0x0000000086480000, 0x00000000d5e00000)
  object space 76288K, 35% used [0x0000000081a00000,0x000000008349c070,0x0000000086480000)
 Metaspace       used 51894K, capacity 53462K, committed 53632K, reserved 1095680K
  class space    used 7028K, capacity 7465K, committed 7552K, reserved 1048576K
GC Heap History (10 events):
Event: 3.798 GC heap before
{Heap before GC invocations=8 (full 1):
 PSYoungGen      total 124928K, used 124832K [0x00000000d5e00000, 0x00000000df100000, 0x0000000100000000)
  eden space 118272K, 100% used [0x00000000d5e00000,0x00000000dd180000,0x00000000dd180000)
  from space 6656K, 98% used [0x00000000dea80000,0x00000000df0e8170,0x00000000df100000)
  to   space 10240K, 0% used [0x00000000ddd00000,0x00000000ddd00000,0x00000000de700000)
 ParOldGen       total 53760K, used 7844K [0x0000000081a00000, 0x0000000084e80000, 0x00000000d5e00000)
  object space 53760K, 14% used [0x0000000081a00000,0x00000000821a9370,0x0000000084e80000)
 Metaspace       used 34105K, capacity 34634K, committed 35072K, reserved 1079296K
  class space    used 4651K, capacity 4776K, committed 4864K, reserved 1048576K
Event: 3.810 GC heap after
Heap after GC invocations=8 (full 1):
 PSYoungGen      total 140288K, used 10208K [0x00000000d5e00000, 0x00000000e3f00000, 0x0000000100000000)
  eden space 130048K, 0% used [0x00000000d5e00000,0x00000000d5e00000,0x00000000ddd00000)
  from space 10240K, 99% used [0x00000000ddd00000,0x00000000de6f80d0,0x00000000de700000)
  to   space 12800K, 0% used [0x00000000e3280000,0x00000000e3280000,0x00000000e3f00000)
 ParOldGen       total 53760K, used 10484K [0x0000000081a00000, 0x0000000084e80000, 0x00000000d5e00000)
  object space 53760K, 19% used [0x0000000081a00000,0x000000008243d058,0x0000000084e80000)
 Metaspace       used 34105K, capacity 34634K, committed 35072K, reserved 1079296K
  class space    used 4651K, capacity 4776K, committed 4864K, reserved 1048576K
}
Event: 4.029 GC heap before
{Heap before GC invocations=9 (full 1):
 PSYoungGen      total 140288K, used 31074K [0x00000000d5e00000, 0x00000000e3f00000, 0x0000000100000000)
  eden space 130048K, 16% used [0x00000000d5e00000,0x00000000d7260938,0x00000000ddd00000)
  from space 10240K, 99% used [0x00000000ddd00000,0x00000000de6f80d0,0x00000000de700000)
  to   space 12800K, 0% used [0x00000000e3280000,0x00000000e3280000,0x00000000e3f00000)
 ParOldGen       total 53760K, used 10484K [0x0000000081a00000, 0x0000000084e80000, 0x00000000d5e00000)
  object space 53760K, 19% used [0x0000000081a00000,0x000000008243d058,0x0000000084e80000)
 Metaspace       used 34582K, capacity 35128K, committed 35456K, reserved 1079296K
  class space    used 4725K, capacity 4897K, committed 4992K, reserved 1048576K
Event: 4.038 GC heap after
Heap after GC invocations=9 (full 1):
 PSYoungGen      total 216576K, used 11040K [0x00000000d5e00000, 0x00000000e5380000, 0x0000000100000000)
  eden space 203776K, 0% used [0x00000000d5e00000,0x00000000d5e00000,0x00000000e2500000)
  from space 12800K, 86% used [0x00000000e3280000,0x00000000e3d48000,0x00000000e3f00000)
  to   space 13824K, 0% used [0x00000000e2500000,0x00000000e2500000,0x00000000e3280000)
 ParOldGen       total 53760K, used 10492K [0x0000000081a00000, 0x0000000084e80000, 0x00000000d5e00000)
  object space 53760K, 19% used [0x0000000081a00000,0x000000008243f058,0x0000000084e80000)
 Metaspace       used 34582K, capacity 35128K, committed 35456K, reserved 1079296K
  class space    used 4725K, capacity 4897K, committed 4992K, reserved 1048576K
}
Event: 4.038 GC heap before
{Heap before GC invocations=10 (full 2):
 PSYoungGen      total 216576K, used 11040K [0x00000000d5e00000, 0x00000000e5380000, 0x0000000100000000)
  eden space 203776K, 0% used [0x00000000d5e00000,0x00000000d5e00000,0x00000000e2500000)
  from space 12800K, 86% used [0x00000000e3280000,0x00000000e3d48000,0x00000000e3f00000)
  to   space 13824K, 0% used [0x00000000e2500000,0x00000000e2500000,0x00000000e3280000)
 ParOldGen       total 53760K, used 10492K [0x0000000081a00000, 0x0000000084e80000, 0x00000000d5e00000)
  object space 53760K, 19% used [0x0000000081a00000,0x000000008243f058,0x0000000084e80000)
 Metaspace       used 34582K, capacity 35128K, committed 35456K, reserved 1079296K
  class space    used 4725K, capacity 4897K, committed 4992K, reserved 1048576K
Event: 4.083 GC heap after
Heap after GC invocations=10 (full 2):
 PSYoungGen      total 216576K, used 0K [0x00000000d5e00000, 0x00000000e5380000, 0x0000000100000000)
  eden space 203776K, 0% used [0x00000000d5e00000,0x00000000d5e00000,0x00000000e2500000)
  from space 12800K, 0% used [0x00000000e3280000,0x00000000e3280000,0x00000000e3f00000)
  to   space 13824K, 0% used [0x00000000e2500000,0x00000000e2500000,0x00000000e3280000)
 ParOldGen       total 76288K, used 18725K [0x0000000081a00000, 0x0000000086480000, 0x00000000d5e00000)
  object space 76288K, 24% used [0x0000000081a00000,0x0000000082c497a8,0x0000000086480000)
 Metaspace       used 34582K, capacity 35128K, committed 35456K, reserved 1079296K
  class space    used 4725K, capacity 4897K, committed 4992K, reserved 1048576K
}
Event: 6.623 GC heap before
{Heap before GC invocations=11 (full 2):
 PSYoungGen      total 216576K, used 203776K [0x00000000d5e00000, 0x00000000e5380000, 0x0000000100000000)
  eden space 203776K, 100% used [0x00000000d5e00000,0x00000000e2500000,0x00000000e2500000)
  from space 12800K, 0% used [0x00000000e3280000,0x00000000e3280000,0x00000000e3f00000)
  to   space 13824K, 0% used [0x00000000e2500000,0x00000000e2500000,0x00000000e3280000)
 ParOldGen       total 76288K, used 18725K [0x0000000081a00000, 0x0000000086480000, 0x00000000d5e00000)
  object space 76288K, 24% used [0x0000000081a00000,0x0000000082c497a8,0x0000000086480000)
 Metaspace       used 46595K, capacity 47830K, committed 48000K, reserved 1091584K
  class space    used 6394K, capacity 6717K, committed 6784K, reserved 1048576K
Event: 6.646 GC heap after
Heap after GC invocations=11 (full 2):
 PSYoungGen      total 217600K, used 13821K [0x00000000d5e00000, 0x00000000e9280000, 0x0000000100000000)
  eden space 203776K, 0% used [0x00000000d5e00000,0x00000000d5e00000,0x00000000e2500000)
  from space 13824K, 99% used [0x00000000e2500000,0x00000000e327f4b8,0x00000000e3280000)
  to   space 16384K, 0% used [0x00000000e8280000,0x00000000e8280000,0x00000000e9280000)
 ParOldGen       total 76288K, used 21411K [0x0000000081a00000, 0x0000000086480000, 0x00000000d5e00000)
  object space 76288K, 28% used [0x0000000081a00000,0x0000000082ee8d70,0x0000000086480000)
 Metaspace       used 46595K, capacity 47830K, committed 48000K, reserved 1091584K
  class space    used 6394K, capacity 6717K, committed 6784K, reserved 1048576K
}
Event: 8.660 GC heap before
{Heap before GC invocations=12 (full 2):
 PSYoungGen      total 217600K, used 217597K [0x00000000d5e00000, 0x00000000e9280000, 0x0000000100000000)
  eden space 203776K, 100% used [0x00000000d5e00000,0x00000000e2500000,0x00000000e2500000)
  from space 13824K, 99% used [0x00000000e2500000,0x00000000e327f4b8,0x00000000e3280000)
  to   space 16384K, 0% used [0x00000000e8280000,0x00000000e8280000,0x00000000e9280000)
 ParOldGen       total 76288K, used 21411K [0x0000000081a00000, 0x0000000086480000, 0x00000000d5e00000)
  object space 76288K, 28% used [0x0000000081a00000,0x0000000082ee8d70,0x0000000086480000)
 Metaspace       used 50227K, capacity 51764K, committed 51840K, reserved 1093632K
  class space    used 6830K, capacity 7266K, committed 7296K, reserved 1048576K
Event: 8.676 GC heap after
Heap after GC invocations=12 (full 2):
 PSYoungGen      total 293376K, used 16352K [0x00000000d5e00000, 0x00000000e9580000, 0x0000000100000000)
  eden space 276992K, 0% used [0x00000000d5e00000,0x00000000d5e00000,0x00000000e6c80000)
  from space 16384K, 99% used [0x00000000e8280000,0x00000000e9278210,0x00000000e9280000)
  to   space 20992K, 0% used [0x00000000e6c80000,0x00000000e6c80000,0x00000000e8100000)
 ParOldGen       total 76288K, used 27248K [0x0000000081a00000, 0x0000000086480000, 0x00000000d5e00000)
  object space 76288K, 35% used [0x0000000081a00000,0x000000008349c070,0x0000000086480000)
 Metaspace       used 50227K, capacity 51764K, committed 51840K, reserved 1093632K
  class space    used 6830K, capacity 7266K, committed 7296K, reserved 1048576K
}

